{
  "stats": {
    "suites": 51,
    "tests": 204,
    "passes": 93,
    "pending": 0,
    "failures": 111,
    "start": "2025-06-05T14:54:17.373Z",
    "end": "2025-06-05T14:54:17.602Z",
    "duration": 229,
    "testsRegistered": 204,
    "passPercent": 45.588235294117645,
    "pendingPercent": 0,
    "other": 0,
    "hasOther": false,
    "skipped": 0,
    "hasSkipped": false
  },
  "results": [
    {
      "uuid": "fe70acc0-55dd-4fd5-a5ae-faab4a25444b",
      "title": "",
      "fullFile": "",
      "file": "",
      "beforeHooks": [],
      "afterHooks": [],
      "tests": [],
      "suites": [
        {
          "uuid": "4031472f-b95a-4c96-8ee2-fd51b7f08911",
          "title": "API Bulk Operations Integration Tests",
          "fullFile": "/Users/andrew/Dev/url-shortner-ai-demo/test/integration/api-bulk-operations.test.js",
          "file": "/test/integration/api-bulk-operations.test.js",
          "beforeHooks": [
            {
              "title": "\"before all\" hook in \"API Bulk Operations Integration Tests\"",
              "fullTitle": "API Bulk Operations Integration Tests \"before all\" hook in \"API Bulk Operations Integration Tests\"",
              "timedOut": false,
              "duration": 2,
              "state": null,
              "speed": null,
              "pass": false,
              "fail": false,
              "pending": false,
              "context": null,
              "code": "sandbox = sinon.createSandbox()\n\n// Create Express app\napp = express()\napp.use(express.json({ limit: '10mb' })) // Increase limit for bulk testing\n// Mock services\nmockDatabaseService = {\n  getClient: sandbox.stub().returns({\n    url: {\n      create: sandbox.stub(),\n      findUnique: sandbox.stub(),\n      findMany: sandbox.stub(),\n      delete: sandbox.stub(),\n      update: sandbox.stub()\n    },\n    $transaction: sandbox.stub()\n  }),\n  healthCheck: sandbox.stub().resolves(true)\n}\nmockRedisService = {\n  getShortCode: sandbox.stub(),\n  cacheUrl: sandbox.stub(),\n  getCachedUrl: sandbox.stub(),\n  removeCachedUrl: sandbox.stub(),\n  isHealthy: sandbox.stub().returns(true)\n}\nmockLogger = {\n  debug: sandbox.stub(),\n  info: sandbox.stub(),\n  warn: sandbox.stub(),\n  error: sandbox.stub(),\n  fatal: sandbox.stub()\n}\n// Use test routes with mocked dependencies\napp.use('/api', createApiRoutes(mockDatabaseService, mockRedisService, mockLogger))",
              "err": {},
              "uuid": "78c81646-13b3-44e9-8409-bf9de4b7fa5d",
              "parentUUID": "4031472f-b95a-4c96-8ee2-fd51b7f08911",
              "isHook": true,
              "skipped": false
            },
            {
              "title": "\"before each\" hook in \"API Bulk Operations Integration Tests\"",
              "fullTitle": "API Bulk Operations Integration Tests \"before each\" hook in \"API Bulk Operations Integration Tests\"",
              "timedOut": false,
              "duration": 0,
              "state": null,
              "speed": null,
              "pass": false,
              "fail": false,
              "pending": false,
              "context": null,
              "code": "sandbox.resetHistory()\n// Set up default mocks for short code generation\nmockRedisService.getShortCode.callsFake(() => {\n  const codes = ['abc123', 'def456', 'ghi789', 'jkl012', 'mno345']\n  return Promise.resolve(codes[Math.floor(Math.random() * codes.length)])\n})\nmockRedisService.cacheUrl.resolves()",
              "err": {},
              "uuid": "70511d05-ab7e-4f1b-9b7a-16980071525e",
              "parentUUID": "4031472f-b95a-4c96-8ee2-fd51b7f08911",
              "isHook": true,
              "skipped": false
            }
          ],
          "afterHooks": [
            {
              "title": "\"after all\" hook in \"API Bulk Operations Integration Tests\"",
              "fullTitle": "API Bulk Operations Integration Tests \"after all\" hook in \"API Bulk Operations Integration Tests\"",
              "timedOut": false,
              "duration": 0,
              "state": null,
              "speed": null,
              "pass": false,
              "fail": false,
              "pending": false,
              "context": null,
              "code": "sandbox.restore()",
              "err": {},
              "uuid": "75240814-0790-4aca-a8d0-d9d3aae490c5",
              "parentUUID": "4031472f-b95a-4c96-8ee2-fd51b7f08911",
              "isHook": true,
              "skipped": false
            },
            {
              "title": "\"after each\" hook in \"API Bulk Operations Integration Tests\"",
              "fullTitle": "API Bulk Operations Integration Tests \"after each\" hook in \"API Bulk Operations Integration Tests\"",
              "timedOut": false,
              "duration": 0,
              "state": null,
              "speed": null,
              "pass": false,
              "fail": false,
              "pending": false,
              "context": null,
              "code": "sandbox.resetHistory()",
              "err": {},
              "uuid": "86274966-3693-49d3-a774-93605529f751",
              "parentUUID": "4031472f-b95a-4c96-8ee2-fd51b7f08911",
              "isHook": true,
              "skipped": false
            }
          ],
          "tests": [],
          "suites": [
            {
              "uuid": "69ce6004-39cb-4819-9411-f62f4f51a87f",
              "title": "POST /api/shorten/bulk - Payload Size Tests",
              "fullFile": "/Users/andrew/Dev/url-shortner-ai-demo/test/integration/api-bulk-operations.test.js",
              "file": "/test/integration/api-bulk-operations.test.js",
              "beforeHooks": [],
              "afterHooks": [],
              "tests": [
                {
                  "title": "should handle minimum payload (1 URL)",
                  "fullTitle": "API Bulk Operations Integration Tests POST /api/shorten/bulk - Payload Size Tests should handle minimum payload (1 URL)",
                  "timedOut": false,
                  "duration": 21,
                  "state": "failed",
                  "speed": null,
                  "pass": false,
                  "fail": true,
                  "pending": false,
                  "context": null,
                  "code": "const urls = ['https://example.com/single']\n\nconst mockDbResults = [{\n  id: 'test-id-1',\n  originalUrl: urls[0],\n  shortCode: 'abc123',\n  createdAt: new Date('2024-01-15T10:30:00Z'),\n  expiresAt: new Date('2024-07-15T10:30:00Z'),\n  clickCount: 0\n}]\nmockDatabaseService.getClient().$transaction.resolves(mockDbResults)\nconst response = await request(app)\n  .post('/api/shorten/bulk')\n  .send({ urls })\n  .expect(201)\nexpect(response.body.success).to.be.true\nexpect(response.body.data).to.have.lengthOf(1)\nexpect(response.body.data[0].original_url).to.equal(urls[0])",
                  "err": {
                    "message": "Error: expected 201 \"Created\", got 503 \"Service Unavailable\"",
                    "estack": "Error: expected 201 \"Created\", got 503 \"Service Unavailable\"\n    at Context.<anonymous> (file:///Users/andrew/Dev/url-shortner-ai-demo/test/integration/api-bulk-operations.test.js:97:10)\n    at process.processImmediate (node:internal/timers:476:21)\n----\n    at Test._assertStatus (node_modules/supertest/lib/test.js:267:14)\n    at /Users/andrew/Dev/url-shortner-ai-demo/node_modules/supertest/lib/test.js:323:13\n    at Test._assertFunction (node_modules/supertest/lib/test.js:300:13)\n    at Test.assert (node_modules/supertest/lib/test.js:179:23)\n    at Server.localAssert (node_modules/supertest/lib/test.js:135:14)\n    at Object.onceWrapper (node:events:628:28)\n    at Server.emit (node:events:514:28)\n    at emitCloseNT (node:net:2148:8)\n    at process.processTicksAndRejections (node:internal/process/task_queues:81:21)",
                    "diff": null
                  },
                  "uuid": "27cc5ee1-5e09-4f12-8025-eeea70b529aa",
                  "parentUUID": "69ce6004-39cb-4819-9411-f62f4f51a87f",
                  "isHook": false,
                  "skipped": false
                },
                {
                  "title": "should handle small batch (10 URLs)",
                  "fullTitle": "API Bulk Operations Integration Tests POST /api/shorten/bulk - Payload Size Tests should handle small batch (10 URLs)",
                  "timedOut": false,
                  "duration": 3,
                  "state": "failed",
                  "speed": null,
                  "pass": false,
                  "fail": true,
                  "pending": false,
                  "context": null,
                  "code": "const urls = Array(10).fill().map((_, i) => `https://example.com/url-${i}`)\n\nconst mockDbResults = urls.map((url, index) => ({\n  id: `test-id-${index}`,\n  originalUrl: url,\n  shortCode: `code-${index}`,\n  createdAt: new Date('2024-01-15T10:30:00Z'),\n  expiresAt: new Date('2024-07-15T10:30:00Z'),\n  clickCount: 0\n}))\nmockDatabaseService.getClient().$transaction.resolves(mockDbResults)\nconst response = await request(app)\n  .post('/api/shorten/bulk')\n  .send({ urls })\n  .expect(201)\nexpect(response.body.success).to.be.true\nexpect(response.body.data).to.have.lengthOf(10)\n\n// Verify all URLs are processed\nresponse.body.data.forEach((item, index) => {\n  expect(item.original_url).to.equal(urls[index])\n  expect(item.short_code).to.be.a('string')\n  expect(item.short_url).to.include(item.short_code)\n})",
                  "err": {
                    "message": "Error: expected 201 \"Created\", got 503 \"Service Unavailable\"",
                    "estack": "Error: expected 201 \"Created\", got 503 \"Service Unavailable\"\n    at Context.<anonymous> (file:///Users/andrew/Dev/url-shortner-ai-demo/test/integration/api-bulk-operations.test.js:121:10)\n    at process.processImmediate (node:internal/timers:476:21)\n----\n    at Test._assertStatus (node_modules/supertest/lib/test.js:267:14)\n    at /Users/andrew/Dev/url-shortner-ai-demo/node_modules/supertest/lib/test.js:323:13\n    at Test._assertFunction (node_modules/supertest/lib/test.js:300:13)\n    at Test.assert (node_modules/supertest/lib/test.js:179:23)\n    at Server.localAssert (node_modules/supertest/lib/test.js:135:14)\n    at Object.onceWrapper (node:events:628:28)\n    at Server.emit (node:events:514:28)\n    at emitCloseNT (node:net:2148:8)\n    at process.processTicksAndRejections (node:internal/process/task_queues:81:21)",
                    "diff": null
                  },
                  "uuid": "0ec53296-0bc2-44bf-a4c8-1c2d815c3901",
                  "parentUUID": "69ce6004-39cb-4819-9411-f62f4f51a87f",
                  "isHook": false,
                  "skipped": false
                },
                {
                  "title": "should handle medium batch (100 URLs)",
                  "fullTitle": "API Bulk Operations Integration Tests POST /api/shorten/bulk - Payload Size Tests should handle medium batch (100 URLs)",
                  "timedOut": false,
                  "duration": 2,
                  "state": "failed",
                  "speed": null,
                  "pass": false,
                  "fail": true,
                  "pending": false,
                  "context": null,
                  "code": "const urls = Array(100).fill().map((_, i) => `https://example.com/medium-${i}`)\n\nconst mockDbResults = urls.map((url, index) => ({\n  id: `test-id-${index}`,\n  originalUrl: url,\n  shortCode: `med-${index}`,\n  createdAt: new Date('2024-01-15T10:30:00Z'),\n  expiresAt: new Date('2024-07-15T10:30:00Z'),\n  clickCount: 0\n}))\nmockDatabaseService.getClient().$transaction.resolves(mockDbResults)\nconst startTime = Date.now()\nconst response = await request(app)\n  .post('/api/shorten/bulk')\n  .send({ urls })\n  .expect(201)\nconst endTime = Date.now()\nexpect(response.body.success).to.be.true\nexpect(response.body.data).to.have.lengthOf(100)\nexpect(endTime - startTime).to.be.lessThan(5000) // Should complete within 5 seconds\n// Verify transaction was called once for all URLs\nexpect(mockDatabaseService.getClient().$transaction).to.have.been.calledOnce",
                  "err": {
                    "message": "Error: expected 201 \"Created\", got 503 \"Service Unavailable\"",
                    "estack": "Error: expected 201 \"Created\", got 503 \"Service Unavailable\"\n    at Context.<anonymous> (file:///Users/andrew/Dev/url-shortner-ai-demo/test/integration/api-bulk-operations.test.js:152:10)\n    at process.processImmediate (node:internal/timers:476:21)\n----\n    at Test._assertStatus (node_modules/supertest/lib/test.js:267:14)\n    at /Users/andrew/Dev/url-shortner-ai-demo/node_modules/supertest/lib/test.js:323:13\n    at Test._assertFunction (node_modules/supertest/lib/test.js:300:13)\n    at Test.assert (node_modules/supertest/lib/test.js:179:23)\n    at Server.localAssert (node_modules/supertest/lib/test.js:135:14)\n    at Object.onceWrapper (node:events:628:28)\n    at Server.emit (node:events:514:28)\n    at emitCloseNT (node:net:2148:8)\n    at process.processTicksAndRejections (node:internal/process/task_queues:81:21)",
                    "diff": null
                  },
                  "uuid": "ea11d0f6-9480-458d-af88-f94db721301b",
                  "parentUUID": "69ce6004-39cb-4819-9411-f62f4f51a87f",
                  "isHook": false,
                  "skipped": false
                },
                {
                  "title": "should handle large batch (1000 URLs - maximum allowed)",
                  "fullTitle": "API Bulk Operations Integration Tests POST /api/shorten/bulk - Payload Size Tests should handle large batch (1000 URLs - maximum allowed)",
                  "timedOut": false,
                  "duration": 5,
                  "state": "failed",
                  "speed": null,
                  "pass": false,
                  "fail": true,
                  "pending": false,
                  "context": null,
                  "code": "const urls = Array(1000).fill().map((_, i) => `https://example.com/large-${i}`)\n\nconst mockDbResults = urls.map((url, index) => ({\n  id: `test-id-${index}`,\n  originalUrl: url,\n  shortCode: `lg-${index}`,\n  createdAt: new Date('2024-01-15T10:30:00Z'),\n  expiresAt: new Date('2024-07-15T10:30:00Z'),\n  clickCount: 0\n}))\nmockDatabaseService.getClient().$transaction.resolves(mockDbResults)\nconst startTime = Date.now()\nconst response = await request(app)\n  .post('/api/shorten/bulk')\n  .send({ urls })\n  .expect(201)\nconst endTime = Date.now()\nexpect(response.body.success).to.be.true\nexpect(response.body.data).to.have.lengthOf(1000)\nexpect(endTime - startTime).to.be.lessThan(10000) // Should complete within 10 seconds\n// Verify caching was attempted for all URLs\nexpect(mockRedisService.cacheUrl.callCount).to.equal(1000)",
                  "err": {
                    "message": "Error: expected 201 \"Created\", got 503 \"Service Unavailable\"",
                    "estack": "Error: expected 201 \"Created\", got 503 \"Service Unavailable\"\n    at Context.<anonymous> (file:///Users/andrew/Dev/url-shortner-ai-demo/test/integration/api-bulk-operations.test.js:181:10)\n    at process.processImmediate (node:internal/timers:476:21)\n----\n    at Test._assertStatus (node_modules/supertest/lib/test.js:267:14)\n    at /Users/andrew/Dev/url-shortner-ai-demo/node_modules/supertest/lib/test.js:323:13\n    at Test._assertFunction (node_modules/supertest/lib/test.js:300:13)\n    at Test.assert (node_modules/supertest/lib/test.js:179:23)\n    at Server.localAssert (node_modules/supertest/lib/test.js:135:14)\n    at Object.onceWrapper (node:events:628:28)\n    at Server.emit (node:events:514:28)\n    at emitCloseNT (node:net:2148:8)\n    at process.processTicksAndRejections (node:internal/process/task_queues:81:21)",
                    "diff": null
                  },
                  "uuid": "f17d5d26-bef6-44e9-8c8f-0b638907f68d",
                  "parentUUID": "69ce6004-39cb-4819-9411-f62f4f51a87f",
                  "isHook": false,
                  "skipped": false
                },
                {
                  "title": "should reject batch exceeding maximum limit (1001 URLs)",
                  "fullTitle": "API Bulk Operations Integration Tests POST /api/shorten/bulk - Payload Size Tests should reject batch exceeding maximum limit (1001 URLs)",
                  "timedOut": false,
                  "duration": 2,
                  "state": "failed",
                  "speed": null,
                  "pass": false,
                  "fail": true,
                  "pending": false,
                  "context": null,
                  "code": "const urls = Array(1001).fill('https://example.com')\nconst response = await request(app)\n  .post('/api/shorten/bulk')\n  .send({ urls })\n  .expect(400)\nexpect(response.body.error.message).to.include('Too many URLs')\nexpect(mockDatabaseService.getClient().$transaction).to.not.have.been.called",
                  "err": {
                    "message": "AssertionError: expected 'Bulk operations are limited to 1000 U…' to include 'Too many URLs'",
                    "estack": "AssertionError: expected 'Bulk operations are limited to 1000 U…' to include 'Too many URLs'\n    at Context.<anonymous> (file:///Users/andrew/Dev/url-shortner-ai-demo/test/integration/api-bulk-operations.test.js:200:46)\n    at process.processTicksAndRejections (node:internal/process/task_queues:95:5)",
                    "diff": null
                  },
                  "uuid": "9787ad8e-796c-4aff-a440-95154f7f81d1",
                  "parentUUID": "69ce6004-39cb-4819-9411-f62f4f51a87f",
                  "isHook": false,
                  "skipped": false
                },
                {
                  "title": "should handle mixed valid and invalid URLs in large batch",
                  "fullTitle": "API Bulk Operations Integration Tests POST /api/shorten/bulk - Payload Size Tests should handle mixed valid and invalid URLs in large batch",
                  "timedOut": false,
                  "duration": 8,
                  "state": "failed",
                  "speed": null,
                  "pass": false,
                  "fail": true,
                  "pending": false,
                  "context": null,
                  "code": "const validUrls = Array(500).fill().map((_, i) => `https://example.com/valid-${i}`)\nconst invalidUrls = Array(500).fill().map((_, i) => `invalid-url-${i}`)\nconst urls = [...validUrls, ...invalidUrls]\nconst response = await request(app)\n  .post('/api/shorten/bulk')\n  .send({ urls })\n  .expect(400)\nexpect(response.body.error.message).to.include('Invalid URL')\nexpect(response.body.error.details).to.be.an('array')\nexpect(response.body.error.details).to.have.lengthOf(500) // All invalid URLs should be reported\nexpect(mockDatabaseService.getClient().$transaction).to.not.have.been.called",
                  "err": {
                    "message": "AssertionError: expected '500 URLs failed validation' to include 'Invalid URL'",
                    "estack": "AssertionError: expected '500 URLs failed validation' to include 'Invalid URL'\n    at Context.<anonymous> (file:///Users/andrew/Dev/url-shortner-ai-demo/test/integration/api-bulk-operations.test.js:214:46)\n    at process.processTicksAndRejections (node:internal/process/task_queues:95:5)",
                    "diff": null
                  },
                  "uuid": "28cc3e92-9710-4f75-8fd7-82c79c5b43c8",
                  "parentUUID": "69ce6004-39cb-4819-9411-f62f4f51a87f",
                  "isHook": false,
                  "skipped": false
                }
              ],
              "suites": [],
              "passes": [],
              "failures": [
                "27cc5ee1-5e09-4f12-8025-eeea70b529aa",
                "0ec53296-0bc2-44bf-a4c8-1c2d815c3901",
                "ea11d0f6-9480-458d-af88-f94db721301b",
                "f17d5d26-bef6-44e9-8c8f-0b638907f68d",
                "9787ad8e-796c-4aff-a440-95154f7f81d1",
                "28cc3e92-9710-4f75-8fd7-82c79c5b43c8"
              ],
              "pending": [],
              "skipped": [],
              "duration": 41,
              "root": false,
              "rootEmpty": false,
              "_timeout": 2000
            },
            {
              "uuid": "b854e17c-0f99-427b-b781-d8f690cd67a4",
              "title": "Bulk Operations Performance and Reliability",
              "fullFile": "/Users/andrew/Dev/url-shortner-ai-demo/test/integration/api-bulk-operations.test.js",
              "file": "/test/integration/api-bulk-operations.test.js",
              "beforeHooks": [],
              "afterHooks": [],
              "tests": [
                {
                  "title": "should handle duplicate URLs in bulk request efficiently",
                  "fullTitle": "API Bulk Operations Integration Tests Bulk Operations Performance and Reliability should handle duplicate URLs in bulk request efficiently",
                  "timedOut": false,
                  "duration": 2,
                  "state": "failed",
                  "speed": null,
                  "pass": false,
                  "fail": true,
                  "pending": false,
                  "context": null,
                  "code": "const baseUrl = 'https://example.com/duplicate'\nconst urls = Array(100).fill(baseUrl) // All the same URL\n\nconst mockDbResults = urls.map((url, index) => ({\n  id: `test-id-${index}`,\n  originalUrl: url,\n  shortCode: `dup-${index}`, // Different short codes for same URL\n  createdAt: new Date('2024-01-15T10:30:00Z'),\n  expiresAt: new Date('2024-07-15T10:30:00Z'),\n  clickCount: 0\n}))\nmockDatabaseService.getClient().$transaction.resolves(mockDbResults)\nconst response = await request(app)\n  .post('/api/shorten/bulk')\n  .send({ urls })\n  .expect(201)\nexpect(response.body.success).to.be.true\nexpect(response.body.data).to.have.lengthOf(100)\n// Each duplicate should get a unique short code\nconst shortCodes = response.body.data.map(item => item.short_code)\nconst uniqueShortCodes = new Set(shortCodes)\nexpect(uniqueShortCodes.size).to.equal(100) // All should be unique",
                  "err": {
                    "message": "Error: expected 201 \"Created\", got 503 \"Service Unavailable\"",
                    "estack": "Error: expected 201 \"Created\", got 503 \"Service Unavailable\"\n    at Context.<anonymous> (file:///Users/andrew/Dev/url-shortner-ai-demo/test/integration/api-bulk-operations.test.js:240:10)\n    at process.processImmediate (node:internal/timers:476:21)\n----\n    at Test._assertStatus (node_modules/supertest/lib/test.js:267:14)\n    at /Users/andrew/Dev/url-shortner-ai-demo/node_modules/supertest/lib/test.js:323:13\n    at Test._assertFunction (node_modules/supertest/lib/test.js:300:13)\n    at Test.assert (node_modules/supertest/lib/test.js:179:23)\n    at Server.localAssert (node_modules/supertest/lib/test.js:135:14)\n    at Object.onceWrapper (node:events:628:28)\n    at Server.emit (node:events:514:28)\n    at emitCloseNT (node:net:2148:8)\n    at process.processTicksAndRejections (node:internal/process/task_queues:81:21)",
                    "diff": null
                  },
                  "uuid": "591bb72a-a4e1-4d20-bea7-5f8a5b3532c8",
                  "parentUUID": "b854e17c-0f99-427b-b781-d8f690cd67a4",
                  "isHook": false,
                  "skipped": false
                },
                {
                  "title": "should handle partial Redis failures during bulk caching",
                  "fullTitle": "API Bulk Operations Integration Tests Bulk Operations Performance and Reliability should handle partial Redis failures during bulk caching",
                  "timedOut": false,
                  "duration": 2,
                  "state": "failed",
                  "speed": null,
                  "pass": false,
                  "fail": true,
                  "pending": false,
                  "context": null,
                  "code": "const urls = Array(50).fill().map((_, i) => `https://example.com/cache-test-${i}`)\n\nconst mockDbResults = urls.map((url, index) => ({\n  id: `test-id-${index}`,\n  originalUrl: url,\n  shortCode: `ct-${index}`,\n  createdAt: new Date('2024-01-15T10:30:00Z'),\n  expiresAt: new Date('2024-07-15T10:30:00Z'),\n  clickCount: 0\n}))\nmockDatabaseService.getClient().$transaction.resolves(mockDbResults)\n// Simulate intermittent caching failures\nmockRedisService.cacheUrl.callsFake(() => {\n  if (Math.random() < 0.3) {\n    return Promise.reject(new Error('Cache write failed'))\n  }\n  return Promise.resolve()\n})\nconst response = await request(app)\n  .post('/api/shorten/bulk')\n  .send({ urls })\n  .expect(201)\nexpect(response.body.success).to.be.true\nexpect(response.body.data).to.have.lengthOf(50)\n// Should have warnings logged but operation should succeed\nexpect(mockLogger.warn.called).to.be.true",
                  "err": {
                    "message": "Error: expected 201 \"Created\", got 503 \"Service Unavailable\"",
                    "estack": "Error: expected 201 \"Created\", got 503 \"Service Unavailable\"\n    at Context.<anonymous> (file:///Users/andrew/Dev/url-shortner-ai-demo/test/integration/api-bulk-operations.test.js:276:10)\n    at process.processImmediate (node:internal/timers:476:21)\n----\n    at Test._assertStatus (node_modules/supertest/lib/test.js:267:14)\n    at /Users/andrew/Dev/url-shortner-ai-demo/node_modules/supertest/lib/test.js:323:13\n    at Test._assertFunction (node_modules/supertest/lib/test.js:300:13)\n    at Test.assert (node_modules/supertest/lib/test.js:179:23)\n    at Server.localAssert (node_modules/supertest/lib/test.js:135:14)\n    at Object.onceWrapper (node:events:628:28)\n    at Server.emit (node:events:514:28)\n    at emitCloseNT (node:net:2148:8)\n    at process.processTicksAndRejections (node:internal/process/task_queues:81:21)",
                    "diff": null
                  },
                  "uuid": "9e0d01e2-abdf-4c9e-ae19-d2b7dcfab757",
                  "parentUUID": "b854e17c-0f99-427b-b781-d8f690cd67a4",
                  "isHook": false,
                  "skipped": false
                },
                {
                  "title": "should maintain transaction atomicity on database failures",
                  "fullTitle": "API Bulk Operations Integration Tests Bulk Operations Performance and Reliability should maintain transaction atomicity on database failures",
                  "timedOut": false,
                  "duration": 2,
                  "state": "failed",
                  "speed": null,
                  "pass": false,
                  "fail": true,
                  "pending": false,
                  "context": null,
                  "code": "const urls = Array(20).fill().map((_, i) => `https://example.com/atomic-${i}`)\n// Simulate transaction failure\nmockDatabaseService.getClient().$transaction.rejects(new Error('Transaction deadlock'))\nconst response = await request(app)\n  .post('/api/shorten/bulk')\n  .send({ urls })\n  .expect(500)\nexpect(response.body.error.message).to.include('Failed to create bulk short URLs')\n// Verify no caching was attempted since transaction failed\nexpect(mockRedisService.cacheUrl).to.not.have.been.called",
                  "err": {
                    "message": "Error: expected 500 \"Internal Server Error\", got 503 \"Service Unavailable\"",
                    "estack": "Error: expected 500 \"Internal Server Error\", got 503 \"Service Unavailable\"\n    at Context.<anonymous> (file:///Users/andrew/Dev/url-shortner-ai-demo/test/integration/api-bulk-operations.test.js:294:10)\n    at process.processImmediate (node:internal/timers:476:21)\n----\n    at Test._assertStatus (node_modules/supertest/lib/test.js:267:14)\n    at /Users/andrew/Dev/url-shortner-ai-demo/node_modules/supertest/lib/test.js:323:13\n    at Test._assertFunction (node_modules/supertest/lib/test.js:300:13)\n    at Test.assert (node_modules/supertest/lib/test.js:179:23)\n    at Server.localAssert (node_modules/supertest/lib/test.js:135:14)\n    at Object.onceWrapper (node:events:628:28)\n    at Server.emit (node:events:514:28)\n    at emitCloseNT (node:net:2148:8)\n    at process.processTicksAndRejections (node:internal/process/task_queues:81:21)",
                    "diff": null
                  },
                  "uuid": "e3f048ec-b6b1-4387-93ab-de5fe3a1fc60",
                  "parentUUID": "b854e17c-0f99-427b-b781-d8f690cd67a4",
                  "isHook": false,
                  "skipped": false
                },
                {
                  "title": "should handle concurrent bulk requests",
                  "fullTitle": "API Bulk Operations Integration Tests Bulk Operations Performance and Reliability should handle concurrent bulk requests",
                  "timedOut": false,
                  "duration": 7,
                  "state": "failed",
                  "speed": null,
                  "pass": false,
                  "fail": true,
                  "pending": false,
                  "context": null,
                  "code": "const batchSize = 50\nconst numConcurrentRequests = 5\n// Create different URL sets for each request\nconst urlSets = Array(numConcurrentRequests).fill().map((_, setIndex) =>\n  Array(batchSize).fill().map((_, urlIndex) => \n    `https://example.com/concurrent-${setIndex}-${urlIndex}`\n  )\n)\n// Mock successful responses for all requests\nurlSets.forEach((urls, setIndex) => {\n  const mockDbResults = urls.map((url, index) => ({\n    id: `test-id-${setIndex}-${index}`,\n    originalUrl: url,\n    shortCode: `cc-${setIndex}-${index}`,\n    createdAt: new Date('2024-01-15T10:30:00Z'),\n    expiresAt: new Date('2024-07-15T10:30:00Z'),\n    clickCount: 0\n  }))\n  mockDatabaseService.getClient().$transaction\n    .onCall(setIndex).resolves(mockDbResults)\n})\n// Execute concurrent requests\nconst promises = urlSets.map(urls =>\n  request(app)\n    .post('/api/shorten/bulk')\n    .send({ urls })\n)\nconst responses = await Promise.all(promises)\n// Verify all requests succeeded\nresponses.forEach((response, index) => {\n  expect(response.status).to.equal(201)\n  expect(response.body.success).to.be.true\n  expect(response.body.data).to.have.lengthOf(batchSize)\n})\n// Verify all transactions were called\nexpect(mockDatabaseService.getClient().$transaction.callCount).to.equal(numConcurrentRequests)",
                  "err": {
                    "message": "AssertionError: expected 503 to equal 201",
                    "estack": "AssertionError: expected 503 to equal 201\n    at file:///Users/andrew/Dev/url-shortner-ai-demo/test/integration/api-bulk-operations.test.js:339:36\n    at Array.forEach (<anonymous>)\n    at Context.<anonymous> (file:///Users/andrew/Dev/url-shortner-ai-demo/test/integration/api-bulk-operations.test.js:338:17)\n    at process.processTicksAndRejections (node:internal/process/task_queues:95:5)",
                    "diff": "- 503\n+ 201\n"
                  },
                  "uuid": "4dc27f17-fd6e-4515-9300-5483aba539f7",
                  "parentUUID": "b854e17c-0f99-427b-b781-d8f690cd67a4",
                  "isHook": false,
                  "skipped": false
                }
              ],
              "suites": [],
              "passes": [],
              "failures": [
                "591bb72a-a4e1-4d20-bea7-5f8a5b3532c8",
                "9e0d01e2-abdf-4c9e-ae19-d2b7dcfab757",
                "e3f048ec-b6b1-4387-93ab-de5fe3a1fc60",
                "4dc27f17-fd6e-4515-9300-5483aba539f7"
              ],
              "pending": [],
              "skipped": [],
              "duration": 13,
              "root": false,
              "rootEmpty": false,
              "_timeout": 2000
            },
            {
              "uuid": "e4e7b2ea-bb2e-4b7b-a939-4bbe661f9b8c",
              "title": "Bulk Operations Error Handling",
              "fullFile": "/Users/andrew/Dev/url-shortner-ai-demo/test/integration/api-bulk-operations.test.js",
              "file": "/test/integration/api-bulk-operations.test.js",
              "beforeHooks": [],
              "afterHooks": [],
              "tests": [
                {
                  "title": "should provide detailed error information for validation failures",
                  "fullTitle": "API Bulk Operations Integration Tests Bulk Operations Error Handling should provide detailed error information for validation failures",
                  "timedOut": false,
                  "duration": 2,
                  "state": "failed",
                  "speed": null,
                  "pass": false,
                  "fail": true,
                  "pending": false,
                  "context": null,
                  "code": "const urls = [\n  'https://valid1.com',\n  'invalid-url-1',\n  'https://valid2.com',\n  'ftp://invalid-protocol.com',\n  'https://valid3.com',\n  'invalid-url-2'\n]\nconst response = await request(app)\n  .post('/api/shorten/bulk')\n  .send({ urls })\n  .expect(400)\nexpect(response.body.error.details).to.be.an('array')\nexpect(response.body.error.details).to.have.lengthOf(3) // Three invalid URLs\n// Check that error details include specific invalid URLs\nconst errorDetails = response.body.error.details.join(' ')\nexpect(errorDetails).to.include('invalid-url-1')\nexpect(errorDetails).to.include('ftp://invalid-protocol.com')\nexpect(errorDetails).to.include('invalid-url-2')",
                  "err": {
                    "message": "AssertionError: expected [ …(7) ] to have a length of 3 but got 7",
                    "estack": "AssertionError: expected [ …(7) ] to have a length of 3 but got 7\n    at Context.<anonymous> (file:///Users/andrew/Dev/url-shortner-ai-demo/test/integration/api-bulk-operations.test.js:366:51)\n    at process.processTicksAndRejections (node:internal/process/task_queues:95:5)",
                    "diff": "- 7\n+ 3\n"
                  },
                  "uuid": "7729b011-571d-4fb6-8786-e14bed879a19",
                  "parentUUID": "e4e7b2ea-bb2e-4b7b-a939-4bbe661f9b8c",
                  "isHook": false,
                  "skipped": false
                },
                {
                  "title": "should handle malformed request payloads gracefully",
                  "fullTitle": "API Bulk Operations Integration Tests Bulk Operations Error Handling should handle malformed request payloads gracefully",
                  "timedOut": false,
                  "duration": 1,
                  "state": "failed",
                  "speed": null,
                  "pass": false,
                  "fail": true,
                  "pending": false,
                  "context": null,
                  "code": "const response = await request(app)\n  .post('/api/shorten/bulk')\n  .set('Content-Type', 'application/json')\n  .send('{\"urls\": [invalid json array}')\n  .expect(400)\nexpect(response.body.error.code).to.equal('BadRequest')\nexpect(response.body.error.message).to.include('Invalid JSON')",
                  "err": {
                    "message": "TypeError: Cannot read properties of undefined (reading 'code')",
                    "estack": "TypeError: Cannot read properties of undefined (reading 'code')\n    at Context.<anonymous> (file:///Users/andrew/Dev/url-shortner-ai-demo/test/integration/api-bulk-operations.test.js:382:34)\n    at process.processTicksAndRejections (node:internal/process/task_queues:95:5)",
                    "diff": null
                  },
                  "uuid": "5eb49efe-6af1-49e8-a632-749e0cf5ad8d",
                  "parentUUID": "e4e7b2ea-bb2e-4b7b-a939-4bbe661f9b8c",
                  "isHook": false,
                  "skipped": false
                },
                {
                  "title": "should handle extremely large individual URLs in bulk request",
                  "fullTitle": "API Bulk Operations Integration Tests Bulk Operations Error Handling should handle extremely large individual URLs in bulk request",
                  "timedOut": false,
                  "duration": 1,
                  "state": "failed",
                  "speed": null,
                  "pass": false,
                  "fail": true,
                  "pending": false,
                  "context": null,
                  "code": "const normalUrls = Array(5).fill().map((_, i) => `https://example.com/normal-${i}`)\nconst extremelyLongUrl = 'https://example.com/' + 'a'.repeat(5000)\nconst urls = [...normalUrls, extremelyLongUrl]\nconst response = await request(app)\n  .post('/api/shorten/bulk')\n  .send({ urls })\n  .expect(400)\nexpect(response.body.error.message).to.include('URL too long')\nexpect(response.body.error.details).to.be.an('array')\nexpect(response.body.error.details[0]).to.include('https://example.com/aaa')",
                  "err": {
                    "message": "AssertionError: expected '1 URLs failed validation' to include 'URL too long'",
                    "estack": "AssertionError: expected '1 URLs failed validation' to include 'URL too long'\n    at Context.<anonymous> (file:///Users/andrew/Dev/url-shortner-ai-demo/test/integration/api-bulk-operations.test.js:396:46)\n    at process.processTicksAndRejections (node:internal/process/task_queues:95:5)",
                    "diff": null
                  },
                  "uuid": "8db7a1b9-ff49-4926-992e-87ceba59e7e8",
                  "parentUUID": "e4e7b2ea-bb2e-4b7b-a939-4bbe661f9b8c",
                  "isHook": false,
                  "skipped": false
                },
                {
                  "title": "should validate bulk request timeout behavior",
                  "fullTitle": "API Bulk Operations Integration Tests Bulk Operations Error Handling should validate bulk request timeout behavior",
                  "timedOut": false,
                  "duration": 3,
                  "state": "failed",
                  "speed": null,
                  "pass": false,
                  "fail": true,
                  "pending": false,
                  "context": null,
                  "code": "const urls = Array(1000).fill().map((_, i) => `https://example.com/timeout-${i}`)\n// Simulate slow database transaction\nmockDatabaseService.getClient().$transaction.callsFake(() => {\n  return new Promise((resolve) => {\n    setTimeout(() => {\n      const mockDbResults = urls.map((url, index) => ({\n        id: `test-id-${index}`,\n        originalUrl: url,\n        shortCode: `to-${index}`,\n        createdAt: new Date('2024-01-15T10:30:00Z'),\n        expiresAt: new Date('2024-07-15T10:30:00Z'),\n        clickCount: 0\n      }))\n      resolve(mockDbResults)\n    }, 100) // Small delay to simulate processing time\n  })\n})\nconst startTime = Date.now()\nconst response = await request(app)\n  .post('/api/shorten/bulk')\n  .send({ urls })\n  .timeout(30000) // 30 second timeout\n  .expect(201)\nconst endTime = Date.now()\nexpect(response.body.success).to.be.true\nexpect(endTime - startTime).to.be.lessThan(30000) // Should complete within timeout",
                  "err": {
                    "message": "Error: expected 201 \"Created\", got 503 \"Service Unavailable\"",
                    "estack": "Error: expected 201 \"Created\", got 503 \"Service Unavailable\"\n    at Context.<anonymous> (file:///Users/andrew/Dev/url-shortner-ai-demo/test/integration/api-bulk-operations.test.js:426:10)\n    at process.processImmediate (node:internal/timers:476:21)\n----\n    at Test._assertStatus (node_modules/supertest/lib/test.js:267:14)\n    at /Users/andrew/Dev/url-shortner-ai-demo/node_modules/supertest/lib/test.js:323:13\n    at Test._assertFunction (node_modules/supertest/lib/test.js:300:13)\n    at Test.assert (node_modules/supertest/lib/test.js:179:23)\n    at Server.localAssert (node_modules/supertest/lib/test.js:135:14)\n    at Object.onceWrapper (node:events:628:28)\n    at Server.emit (node:events:514:28)\n    at emitCloseNT (node:net:2148:8)\n    at process.processTicksAndRejections (node:internal/process/task_queues:81:21)",
                    "diff": null
                  },
                  "uuid": "ba83d20d-1f22-4086-9d3d-7b457e7b9264",
                  "parentUUID": "e4e7b2ea-bb2e-4b7b-a939-4bbe661f9b8c",
                  "isHook": false,
                  "skipped": false
                }
              ],
              "suites": [],
              "passes": [],
              "failures": [
                "7729b011-571d-4fb6-8786-e14bed879a19",
                "5eb49efe-6af1-49e8-a632-749e0cf5ad8d",
                "8db7a1b9-ff49-4926-992e-87ceba59e7e8",
                "ba83d20d-1f22-4086-9d3d-7b457e7b9264"
              ],
              "pending": [],
              "skipped": [],
              "duration": 7,
              "root": false,
              "rootEmpty": false,
              "_timeout": 2000
            },
            {
              "uuid": "8eaeab33-78e6-499f-bf37-0fc2500ea0aa",
              "title": "Edge Cases and Data Integrity",
              "fullFile": "/Users/andrew/Dev/url-shortner-ai-demo/test/integration/api-bulk-operations.test.js",
              "file": "/test/integration/api-bulk-operations.test.js",
              "beforeHooks": [],
              "afterHooks": [],
              "tests": [
                {
                  "title": "should maintain order of URLs in bulk response",
                  "fullTitle": "API Bulk Operations Integration Tests Edge Cases and Data Integrity should maintain order of URLs in bulk response",
                  "timedOut": false,
                  "duration": 1,
                  "state": "failed",
                  "speed": null,
                  "pass": false,
                  "fail": true,
                  "pending": false,
                  "context": null,
                  "code": "const urls = [\n  'https://first.com',\n  'https://second.com',\n  'https://third.com',\n  'https://fourth.com',\n  'https://fifth.com'\n]\nconst mockDbResults = urls.map((url, index) => ({\n  id: `test-id-${index}`,\n  originalUrl: url,\n  shortCode: `order-${index}`,\n  createdAt: new Date('2024-01-15T10:30:00Z'),\n  expiresAt: new Date('2024-07-15T10:30:00Z'),\n  clickCount: 0\n}))\nmockDatabaseService.getClient().$transaction.resolves(mockDbResults)\nconst response = await request(app)\n  .post('/api/shorten/bulk')\n  .send({ urls })\n  .expect(201)\nexpect(response.body.success).to.be.true\n\n// Verify order is maintained\nresponse.body.data.forEach((item, index) => {\n  expect(item.original_url).to.equal(urls[index])\n})",
                  "err": {
                    "message": "Error: expected 201 \"Created\", got 503 \"Service Unavailable\"",
                    "estack": "Error: expected 201 \"Created\", got 503 \"Service Unavailable\"\n    at Context.<anonymous> (file:///Users/andrew/Dev/url-shortner-ai-demo/test/integration/api-bulk-operations.test.js:458:10)\n    at process.processImmediate (node:internal/timers:476:21)\n----\n    at Test._assertStatus (node_modules/supertest/lib/test.js:267:14)\n    at /Users/andrew/Dev/url-shortner-ai-demo/node_modules/supertest/lib/test.js:323:13\n    at Test._assertFunction (node_modules/supertest/lib/test.js:300:13)\n    at Test.assert (node_modules/supertest/lib/test.js:179:23)\n    at Server.localAssert (node_modules/supertest/lib/test.js:135:14)\n    at Object.onceWrapper (node:events:628:28)\n    at Server.emit (node:events:514:28)\n    at emitCloseNT (node:net:2148:8)\n    at process.processTicksAndRejections (node:internal/process/task_queues:81:21)",
                    "diff": null
                  },
                  "uuid": "47353b36-2eb1-410d-99a8-7d6f859844d4",
                  "parentUUID": "8eaeab33-78e6-499f-bf37-0fc2500ea0aa",
                  "isHook": false,
                  "skipped": false
                },
                {
                  "title": "should handle Unicode and special characters in bulk URLs",
                  "fullTitle": "API Bulk Operations Integration Tests Edge Cases and Data Integrity should handle Unicode and special characters in bulk URLs",
                  "timedOut": false,
                  "duration": 2,
                  "state": "failed",
                  "speed": null,
                  "pass": false,
                  "fail": true,
                  "pending": false,
                  "context": null,
                  "code": "const urls = [\n  'https://example.com/测试',\n  'https://example.com/tëst',\n  'https://example.com/тест',\n  'https://example.com/🚀',\n  'https://example.com/path with spaces',\n  'https://example.com/path?query=value&param=测试'\n]\n// These should be encoded properly for validation\nconst encodedUrls = urls.map(url => encodeURI(url))\nconst mockDbResults = encodedUrls.map((url, index) => ({\n  id: `test-id-${index}`,\n  originalUrl: url,\n  shortCode: `unicode-${index}`,\n  createdAt: new Date('2024-01-15T10:30:00Z'),\n  expiresAt: new Date('2024-07-15T10:30:00Z'),\n  clickCount: 0\n}))\nmockDatabaseService.getClient().$transaction.resolves(mockDbResults)\nconst response = await request(app)\n  .post('/api/shorten/bulk')\n  .send({ urls: encodedUrls })\n  .expect(201)\nexpect(response.body.success).to.be.true\nexpect(response.body.data).to.have.lengthOf(encodedUrls.length)",
                  "err": {
                    "message": "Error: expected 201 \"Created\", got 503 \"Service Unavailable\"",
                    "estack": "Error: expected 201 \"Created\", got 503 \"Service Unavailable\"\n    at Context.<anonymous> (file:///Users/andrew/Dev/url-shortner-ai-demo/test/integration/api-bulk-operations.test.js:495:10)\n    at process.processImmediate (node:internal/timers:476:21)\n----\n    at Test._assertStatus (node_modules/supertest/lib/test.js:267:14)\n    at /Users/andrew/Dev/url-shortner-ai-demo/node_modules/supertest/lib/test.js:323:13\n    at Test._assertFunction (node_modules/supertest/lib/test.js:300:13)\n    at Test.assert (node_modules/supertest/lib/test.js:179:23)\n    at Server.localAssert (node_modules/supertest/lib/test.js:135:14)\n    at Object.onceWrapper (node:events:628:28)\n    at Server.emit (node:events:514:28)\n    at emitCloseNT (node:net:2148:8)\n    at process.processTicksAndRejections (node:internal/process/task_queues:81:21)",
                    "diff": null
                  },
                  "uuid": "cb5c3bfd-b3d6-417a-94d5-773b914e972a",
                  "parentUUID": "8eaeab33-78e6-499f-bf37-0fc2500ea0aa",
                  "isHook": false,
                  "skipped": false
                },
                {
                  "title": "should handle empty strings and whitespace in URL array",
                  "fullTitle": "API Bulk Operations Integration Tests Edge Cases and Data Integrity should handle empty strings and whitespace in URL array",
                  "timedOut": false,
                  "duration": 1,
                  "state": "failed",
                  "speed": null,
                  "pass": false,
                  "fail": true,
                  "pending": false,
                  "context": null,
                  "code": "const urls = [\n  'https://valid1.com',\n  '',\n  '   ',\n  'https://valid2.com',\n  '\\t\\n',\n  'https://valid3.com'\n]\nconst response = await request(app)\n  .post('/api/shorten/bulk')\n  .send({ urls })\n  .expect(400)\nexpect(response.body.error.message).to.include('Invalid URL')\nexpect(response.body.error.details).to.be.an('array')\nexpect(response.body.error.details).to.have.lengthOf(3) // Three empty/whitespace URLs",
                  "err": {
                    "message": "AssertionError: expected '3 URLs failed validation' to include 'Invalid URL'",
                    "estack": "AssertionError: expected '3 URLs failed validation' to include 'Invalid URL'\n    at Context.<anonymous> (file:///Users/andrew/Dev/url-shortner-ai-demo/test/integration/api-bulk-operations.test.js:516:46)\n    at process.processTicksAndRejections (node:internal/process/task_queues:95:5)",
                    "diff": null
                  },
                  "uuid": "54083e08-6f62-4561-b758-b6c18d982e07",
                  "parentUUID": "8eaeab33-78e6-499f-bf37-0fc2500ea0aa",
                  "isHook": false,
                  "skipped": false
                }
              ],
              "suites": [],
              "passes": [],
              "failures": [
                "47353b36-2eb1-410d-99a8-7d6f859844d4",
                "cb5c3bfd-b3d6-417a-94d5-773b914e972a",
                "54083e08-6f62-4561-b758-b6c18d982e07"
              ],
              "pending": [],
              "skipped": [],
              "duration": 4,
              "root": false,
              "rootEmpty": false,
              "_timeout": 2000
            }
          ],
          "passes": [],
          "failures": [],
          "pending": [],
          "skipped": [],
          "duration": 0,
          "root": false,
          "rootEmpty": false,
          "_timeout": 2000
        },
        {
          "uuid": "2913d9e7-e246-4bc4-8707-e1fa8c8b1481",
          "title": "API Resilience Integration Tests",
          "fullFile": "/Users/andrew/Dev/url-shortner-ai-demo/test/integration/api-resilience.test.js",
          "file": "/test/integration/api-resilience.test.js",
          "beforeHooks": [
            {
              "title": "\"before all\" hook in \"API Resilience Integration Tests\"",
              "fullTitle": "API Resilience Integration Tests \"before all\" hook in \"API Resilience Integration Tests\"",
              "timedOut": false,
              "duration": 1,
              "state": null,
              "speed": null,
              "pass": false,
              "fail": false,
              "pending": false,
              "context": null,
              "code": "sandbox = sinon.createSandbox()\n\n// Create Express app\napp = express()\napp.use(express.json())\n// Mock services\nmockDatabaseService = {\n  getClient: sandbox.stub().returns({\n    url: {\n      create: sandbox.stub(),\n      findUnique: sandbox.stub(),\n      findMany: sandbox.stub(),\n      delete: sandbox.stub(),\n      update: sandbox.stub()\n    },\n    $transaction: sandbox.stub()\n  }),\n  healthCheck: sandbox.stub().resolves(true)\n}\nmockRedisService = {\n  getShortCode: sandbox.stub(),\n  cacheUrl: sandbox.stub(),\n  getCachedUrl: sandbox.stub(),\n  removeCachedUrl: sandbox.stub(),\n  isHealthy: sandbox.stub().returns(true)\n}\nmockLogger = {\n  debug: sandbox.stub(),\n  info: sandbox.stub(),\n  warn: sandbox.stub(),\n  error: sandbox.stub(),\n  fatal: sandbox.stub()\n}\n// Use test routes with mocked dependencies\napp.use('/api', createApiRoutes(mockDatabaseService, mockRedisService, mockLogger))",
              "err": {},
              "uuid": "9e767452-137f-41b5-8eb8-eb34d4707c78",
              "parentUUID": "2913d9e7-e246-4bc4-8707-e1fa8c8b1481",
              "isHook": true,
              "skipped": false
            },
            {
              "title": "\"before each\" hook in \"API Resilience Integration Tests\"",
              "fullTitle": "API Resilience Integration Tests \"before each\" hook in \"API Resilience Integration Tests\"",
              "timedOut": false,
              "duration": 0,
              "state": null,
              "speed": null,
              "pass": false,
              "fail": false,
              "pending": false,
              "context": null,
              "code": "sandbox.resetHistory()\n// Reset health status\nmockRedisService.isHealthy.returns(true)",
              "err": {},
              "uuid": "d6539b19-ad10-4594-85eb-e26d1093473f",
              "parentUUID": "2913d9e7-e246-4bc4-8707-e1fa8c8b1481",
              "isHook": true,
              "skipped": false
            }
          ],
          "afterHooks": [
            {
              "title": "\"after all\" hook in \"API Resilience Integration Tests\"",
              "fullTitle": "API Resilience Integration Tests \"after all\" hook in \"API Resilience Integration Tests\"",
              "timedOut": false,
              "duration": 0,
              "state": null,
              "speed": null,
              "pass": false,
              "fail": false,
              "pending": false,
              "context": null,
              "code": "sandbox.restore()",
              "err": {},
              "uuid": "4d5283ef-d75b-45e7-863b-e38dfe4943c4",
              "parentUUID": "2913d9e7-e246-4bc4-8707-e1fa8c8b1481",
              "isHook": true,
              "skipped": false
            },
            {
              "title": "\"after each\" hook in \"API Resilience Integration Tests\"",
              "fullTitle": "API Resilience Integration Tests \"after each\" hook in \"API Resilience Integration Tests\"",
              "timedOut": false,
              "duration": 0,
              "state": null,
              "speed": null,
              "pass": false,
              "fail": false,
              "pending": false,
              "context": null,
              "code": "sandbox.resetHistory()",
              "err": {},
              "uuid": "60e9dfdc-37e8-427f-a12b-c30d32534986",
              "parentUUID": "2913d9e7-e246-4bc4-8707-e1fa8c8b1481",
              "isHook": true,
              "skipped": false
            }
          ],
          "tests": [],
          "suites": [
            {
              "uuid": "69ff1241-2cf2-4891-9a2e-e27f9d85ce80",
              "title": "Redis Failure Scenarios",
              "fullFile": "/Users/andrew/Dev/url-shortner-ai-demo/test/integration/api-resilience.test.js",
              "file": "/test/integration/api-resilience.test.js",
              "beforeHooks": [],
              "afterHooks": [],
              "tests": [],
              "suites": [
                {
                  "uuid": "fe7bc645-8b23-40c1-8736-c85cf07b355f",
                  "title": "POST /api/shorten - Redis Failures",
                  "fullFile": "/Users/andrew/Dev/url-shortner-ai-demo/test/integration/api-resilience.test.js",
                  "file": "/test/integration/api-resilience.test.js",
                  "beforeHooks": [],
                  "afterHooks": [],
                  "tests": [
                    {
                      "title": "should handle Redis short code generation failure gracefully",
                      "fullTitle": "API Resilience Integration Tests Redis Failure Scenarios POST /api/shorten - Redis Failures should handle Redis short code generation failure gracefully",
                      "timedOut": false,
                      "duration": 2,
                      "state": "failed",
                      "speed": null,
                      "pass": false,
                      "fail": true,
                      "pending": false,
                      "context": null,
                      "code": "mockRedisService.getShortCode.rejects(new Error('Redis connection timeout'))\nmockDatabaseService.getClient().url.create.resolves(mockDbResult)\nmockRedisService.cacheUrl.resolves() // Cache might still work\nconst response = await request(app)\n  .post('/api/shorten')\n  .send({ url: validUrl })\n  .expect(201)\nexpect(response.body.success).to.be.true\nexpect(response.body.data.short_code).to.equal(fallbackShortCode)\n// Verify fallback was used and warning logged\nexpect(mockLogger.warn).to.have.been.calledWith(\n  sinon.match.string,\n  sinon.match(/Redis.*failed.*fallback/i)\n)",
                      "err": {
                        "message": "Error: expected 201 \"Created\", got 503 \"Service Unavailable\"",
                        "estack": "Error: expected 201 \"Created\", got 503 \"Service Unavailable\"\n    at Context.<anonymous> (file:///Users/andrew/Dev/url-shortner-ai-demo/test/integration/api-resilience.test.js:97:12)\n    at process.processImmediate (node:internal/timers:476:21)\n----\n    at Test._assertStatus (node_modules/supertest/lib/test.js:267:14)\n    at /Users/andrew/Dev/url-shortner-ai-demo/node_modules/supertest/lib/test.js:323:13\n    at Test._assertFunction (node_modules/supertest/lib/test.js:300:13)\n    at Test.assert (node_modules/supertest/lib/test.js:179:23)\n    at Server.localAssert (node_modules/supertest/lib/test.js:135:14)\n    at Object.onceWrapper (node:events:628:28)\n    at Server.emit (node:events:514:28)\n    at emitCloseNT (node:net:2148:8)\n    at process.processTicksAndRejections (node:internal/process/task_queues:81:21)",
                        "diff": null
                      },
                      "uuid": "cf4fbb9f-df32-4f53-82ea-f4343c284bd3",
                      "parentUUID": "fe7bc645-8b23-40c1-8736-c85cf07b355f",
                      "isHook": false,
                      "skipped": false
                    },
                    {
                      "title": "should handle Redis caching failure without affecting URL creation",
                      "fullTitle": "API Resilience Integration Tests Redis Failure Scenarios POST /api/shorten - Redis Failures should handle Redis caching failure without affecting URL creation",
                      "timedOut": false,
                      "duration": 1,
                      "state": "failed",
                      "speed": null,
                      "pass": false,
                      "fail": true,
                      "pending": false,
                      "context": null,
                      "code": "mockRedisService.getShortCode.resolves('abc123')\nmockDatabaseService.getClient().url.create.resolves(mockDbResult)\nmockRedisService.cacheUrl.rejects(new Error('Redis write failed'))\nconst response = await request(app)\n  .post('/api/shorten')\n  .send({ url: validUrl })\n  .expect(201)\nexpect(response.body.success).to.be.true\nexpect(mockLogger.warn).to.have.been.calledWith(\n  sinon.match.string,\n  sinon.match(/Failed to cache.*continuing/i)\n)",
                      "err": {
                        "message": "Error: expected 201 \"Created\", got 503 \"Service Unavailable\"",
                        "estack": "Error: expected 201 \"Created\", got 503 \"Service Unavailable\"\n    at Context.<anonymous> (file:///Users/andrew/Dev/url-shortner-ai-demo/test/integration/api-resilience.test.js:117:12)\n    at process.processImmediate (node:internal/timers:476:21)\n----\n    at Test._assertStatus (node_modules/supertest/lib/test.js:267:14)\n    at /Users/andrew/Dev/url-shortner-ai-demo/node_modules/supertest/lib/test.js:323:13\n    at Test._assertFunction (node_modules/supertest/lib/test.js:300:13)\n    at Test.assert (node_modules/supertest/lib/test.js:179:23)\n    at Server.localAssert (node_modules/supertest/lib/test.js:135:14)\n    at Object.onceWrapper (node:events:628:28)\n    at Server.emit (node:events:514:28)\n    at emitCloseNT (node:net:2148:8)\n    at process.processTicksAndRejections (node:internal/process/task_queues:81:21)",
                        "diff": null
                      },
                      "uuid": "9d03c944-84ea-473d-ab13-27c94bf0e195",
                      "parentUUID": "fe7bc645-8b23-40c1-8736-c85cf07b355f",
                      "isHook": false,
                      "skipped": false
                    },
                    {
                      "title": "should handle complete Redis service failure",
                      "fullTitle": "API Resilience Integration Tests Redis Failure Scenarios POST /api/shorten - Redis Failures should handle complete Redis service failure",
                      "timedOut": false,
                      "duration": 1,
                      "state": "failed",
                      "speed": null,
                      "pass": false,
                      "fail": true,
                      "pending": false,
                      "context": null,
                      "code": "mockRedisService.getShortCode.rejects(new Error('Redis unavailable'))\nmockRedisService.cacheUrl.rejects(new Error('Redis unavailable'))\nmockRedisService.isHealthy.returns(false)\nmockDatabaseService.getClient().url.create.resolves(mockDbResult)\nconst response = await request(app)\n  .post('/api/shorten')\n  .send({ url: validUrl })\n  .expect(201)\nexpect(response.body.success).to.be.true\nexpect(mockLogger.warn.callCount).to.be.greaterThan(0)",
                      "err": {
                        "message": "Error: expected 201 \"Created\", got 503 \"Service Unavailable\"",
                        "estack": "Error: expected 201 \"Created\", got 503 \"Service Unavailable\"\n    at Context.<anonymous> (file:///Users/andrew/Dev/url-shortner-ai-demo/test/integration/api-resilience.test.js:135:12)\n    at process.processImmediate (node:internal/timers:476:21)\n----\n    at Test._assertStatus (node_modules/supertest/lib/test.js:267:14)\n    at /Users/andrew/Dev/url-shortner-ai-demo/node_modules/supertest/lib/test.js:323:13\n    at Test._assertFunction (node_modules/supertest/lib/test.js:300:13)\n    at Test.assert (node_modules/supertest/lib/test.js:179:23)\n    at Server.localAssert (node_modules/supertest/lib/test.js:135:14)\n    at Object.onceWrapper (node:events:628:28)\n    at Server.emit (node:events:514:28)\n    at emitCloseNT (node:net:2148:8)\n    at process.processTicksAndRejections (node:internal/process/task_queues:81:21)",
                        "diff": null
                      },
                      "uuid": "bb1fb447-8e12-4bad-8832-0c870421237a",
                      "parentUUID": "fe7bc645-8b23-40c1-8736-c85cf07b355f",
                      "isHook": false,
                      "skipped": false
                    }
                  ],
                  "suites": [],
                  "passes": [],
                  "failures": [
                    "cf4fbb9f-df32-4f53-82ea-f4343c284bd3",
                    "9d03c944-84ea-473d-ab13-27c94bf0e195",
                    "bb1fb447-8e12-4bad-8832-0c870421237a"
                  ],
                  "pending": [],
                  "skipped": [],
                  "duration": 4,
                  "root": false,
                  "rootEmpty": false,
                  "_timeout": 2000
                },
                {
                  "uuid": "d2df48b3-327e-4461-9120-2aae5ec17423",
                  "title": "GET /api/url/:shortCode - Redis Cache Failures",
                  "fullFile": "/Users/andrew/Dev/url-shortner-ai-demo/test/integration/api-resilience.test.js",
                  "file": "/test/integration/api-resilience.test.js",
                  "beforeHooks": [],
                  "afterHooks": [],
                  "tests": [
                    {
                      "title": "should fallback to database when Redis cache lookup fails",
                      "fullTitle": "API Resilience Integration Tests Redis Failure Scenarios GET /api/url/:shortCode - Redis Cache Failures should fallback to database when Redis cache lookup fails",
                      "timedOut": false,
                      "duration": 1,
                      "state": "failed",
                      "speed": null,
                      "pass": false,
                      "fail": true,
                      "pending": false,
                      "context": null,
                      "code": "mockRedisService.getCachedUrl.rejects(new Error('Redis connection lost'))\nmockDatabaseService.getClient().url.findUnique.resolves(mockDbResult)\nmockRedisService.cacheUrl.resolves() // Re-caching might work\nconst response = await request(app)\n  .get(`/api/url/${shortCode}`)\n  .expect(200)\nexpect(response.body.success).to.be.true\nexpect(response.body.data.original_url).to.equal(originalUrl)\n// Should have fallen back to database\nexpect(mockDatabaseService.getClient().url.findUnique).to.have.been.called\nexpect(mockLogger.warn).to.have.been.calledWith(\n  sinon.match.string,\n  sinon.match(/Cache lookup failed.*falling back to database/i)\n)",
                      "err": {
                        "message": "Error: expected 200 \"OK\", got 400 \"Bad Request\"",
                        "estack": "Error: expected 200 \"OK\", got 400 \"Bad Request\"\n    at Context.<anonymous> (file:///Users/andrew/Dev/url-shortner-ai-demo/test/integration/api-resilience.test.js:162:12)\n    at process.processImmediate (node:internal/timers:476:21)\n----\n    at Test._assertStatus (node_modules/supertest/lib/test.js:267:14)\n    at /Users/andrew/Dev/url-shortner-ai-demo/node_modules/supertest/lib/test.js:323:13\n    at Test._assertFunction (node_modules/supertest/lib/test.js:300:13)\n    at Test.assert (node_modules/supertest/lib/test.js:179:23)\n    at Server.localAssert (node_modules/supertest/lib/test.js:135:14)\n    at Object.onceWrapper (node:events:628:28)\n    at Server.emit (node:events:514:28)\n    at emitCloseNT (node:net:2148:8)\n    at process.processTicksAndRejections (node:internal/process/task_queues:81:21)",
                        "diff": null
                      },
                      "uuid": "abda3de0-21b1-4398-b9ad-fe453737e21d",
                      "parentUUID": "d2df48b3-327e-4461-9120-2aae5ec17423",
                      "isHook": false,
                      "skipped": false
                    },
                    {
                      "title": "should handle Redis re-caching failure after database retrieval",
                      "fullTitle": "API Resilience Integration Tests Redis Failure Scenarios GET /api/url/:shortCode - Redis Cache Failures should handle Redis re-caching failure after database retrieval",
                      "timedOut": false,
                      "duration": 1,
                      "state": "failed",
                      "speed": null,
                      "pass": false,
                      "fail": true,
                      "pending": false,
                      "context": null,
                      "code": "mockRedisService.getCachedUrl.resolves(null) // Cache miss\nmockDatabaseService.getClient().url.findUnique.resolves(mockDbResult)\nmockRedisService.cacheUrl.rejects(new Error('Redis write timeout'))\nconst response = await request(app)\n  .get(`/api/url/${shortCode}`)\n  .expect(200)\nexpect(response.body.success).to.be.true\nexpect(mockLogger.warn).to.have.been.calledWith(\n  sinon.match.string,\n  sinon.match(/Failed to cache.*after database retrieval/i)\n)",
                      "err": {
                        "message": "Error: expected 200 \"OK\", got 400 \"Bad Request\"",
                        "estack": "Error: expected 200 \"OK\", got 400 \"Bad Request\"\n    at Context.<anonymous> (file:///Users/andrew/Dev/url-shortner-ai-demo/test/integration/api-resilience.test.js:182:12)\n    at process.processImmediate (node:internal/timers:476:21)\n----\n    at Test._assertStatus (node_modules/supertest/lib/test.js:267:14)\n    at /Users/andrew/Dev/url-shortner-ai-demo/node_modules/supertest/lib/test.js:323:13\n    at Test._assertFunction (node_modules/supertest/lib/test.js:300:13)\n    at Test.assert (node_modules/supertest/lib/test.js:179:23)\n    at Server.localAssert (node_modules/supertest/lib/test.js:135:14)\n    at Object.onceWrapper (node:events:628:28)\n    at Server.emit (node:events:514:28)\n    at emitCloseNT (node:net:2148:8)\n    at process.processTicksAndRejections (node:internal/process/task_queues:81:21)",
                        "diff": null
                      },
                      "uuid": "3e7cd1e2-8eac-436a-a89d-40b6c77cbec0",
                      "parentUUID": "d2df48b3-327e-4461-9120-2aae5ec17423",
                      "isHook": false,
                      "skipped": false
                    }
                  ],
                  "suites": [],
                  "passes": [],
                  "failures": [
                    "abda3de0-21b1-4398-b9ad-fe453737e21d",
                    "3e7cd1e2-8eac-436a-a89d-40b6c77cbec0"
                  ],
                  "pending": [],
                  "skipped": [],
                  "duration": 2,
                  "root": false,
                  "rootEmpty": false,
                  "_timeout": 2000
                },
                {
                  "uuid": "47607751-061e-42a3-9e41-5e7ed3af081a",
                  "title": "DELETE /api/url/:shortCode - Redis Cache Invalidation Failures",
                  "fullFile": "/Users/andrew/Dev/url-shortner-ai-demo/test/integration/api-resilience.test.js",
                  "file": "/test/integration/api-resilience.test.js",
                  "beforeHooks": [],
                  "afterHooks": [],
                  "tests": [
                    {
                      "title": "should handle Redis cache invalidation failure gracefully",
                      "fullTitle": "API Resilience Integration Tests Redis Failure Scenarios DELETE /api/url/:shortCode - Redis Cache Invalidation Failures should handle Redis cache invalidation failure gracefully",
                      "timedOut": false,
                      "duration": 1,
                      "state": "failed",
                      "speed": null,
                      "pass": false,
                      "fail": true,
                      "pending": false,
                      "context": null,
                      "code": "mockDatabaseService.getClient().url.delete.resolves(mockDbResult)\nmockRedisService.removeCachedUrl.rejects(new Error('Redis remove failed'))\nconst response = await request(app)\n  .delete(`/api/url/${shortCode}`)\n  .expect(200)\nexpect(response.body.success).to.be.true\nexpect(response.body.data.short_code).to.equal(shortCode)\nexpect(mockLogger.warn).to.have.been.calledWith(\n  sinon.match.string,\n  sinon.match(/Failed to remove.*from cache/i)\n)",
                      "err": {
                        "message": "Error: expected 200 \"OK\", got 400 \"Bad Request\"",
                        "estack": "Error: expected 200 \"OK\", got 400 \"Bad Request\"\n    at Context.<anonymous> (file:///Users/andrew/Dev/url-shortner-ai-demo/test/integration/api-resilience.test.js:211:12)\n    at process.processImmediate (node:internal/timers:476:21)\n----\n    at Test._assertStatus (node_modules/supertest/lib/test.js:267:14)\n    at /Users/andrew/Dev/url-shortner-ai-demo/node_modules/supertest/lib/test.js:323:13\n    at Test._assertFunction (node_modules/supertest/lib/test.js:300:13)\n    at Test.assert (node_modules/supertest/lib/test.js:179:23)\n    at Server.localAssert (node_modules/supertest/lib/test.js:135:14)\n    at Object.onceWrapper (node:events:628:28)\n    at Server.emit (node:events:514:28)\n    at emitCloseNT (node:net:2148:8)\n    at process.processTicksAndRejections (node:internal/process/task_queues:81:21)",
                        "diff": null
                      },
                      "uuid": "1b4f9ebd-d36a-490a-9013-cc0a45ddd4e7",
                      "parentUUID": "47607751-061e-42a3-9e41-5e7ed3af081a",
                      "isHook": false,
                      "skipped": false
                    }
                  ],
                  "suites": [],
                  "passes": [],
                  "failures": [
                    "1b4f9ebd-d36a-490a-9013-cc0a45ddd4e7"
                  ],
                  "pending": [],
                  "skipped": [],
                  "duration": 1,
                  "root": false,
                  "rootEmpty": false,
                  "_timeout": 2000
                },
                {
                  "uuid": "688eda53-54ba-4d7e-bcb4-c45bc70e6d22",
                  "title": "POST /api/shorten/bulk - Redis Failures in Bulk Operations",
                  "fullFile": "/Users/andrew/Dev/url-shortner-ai-demo/test/integration/api-resilience.test.js",
                  "file": "/test/integration/api-resilience.test.js",
                  "beforeHooks": [],
                  "afterHooks": [],
                  "tests": [
                    {
                      "title": "should handle Redis short code generation failure in bulk operations",
                      "fullTitle": "API Resilience Integration Tests Redis Failure Scenarios POST /api/shorten/bulk - Redis Failures in Bulk Operations should handle Redis short code generation failure in bulk operations",
                      "timedOut": false,
                      "duration": 1,
                      "state": "failed",
                      "speed": null,
                      "pass": false,
                      "fail": true,
                      "pending": false,
                      "context": null,
                      "code": "mockRedisService.getShortCode.rejects(new Error('Redis pool empty'))\nmockDatabaseService.getClient().$transaction.resolves(mockDbResults)\nmockRedisService.cacheUrl.resolves()\nconst response = await request(app)\n  .post('/api/shorten/bulk')\n  .send({ urls: validUrls })\n  .expect(201)\nexpect(response.body.success).to.be.true\nexpect(response.body.data).to.have.lengthOf(3)\nexpect(mockLogger.warn).to.have.been.called",
                      "err": {
                        "message": "Error: expected 201 \"Created\", got 503 \"Service Unavailable\"",
                        "estack": "Error: expected 201 \"Created\", got 503 \"Service Unavailable\"\n    at Context.<anonymous> (file:///Users/andrew/Dev/url-shortner-ai-demo/test/integration/api-resilience.test.js:247:12)\n    at process.processImmediate (node:internal/timers:476:21)\n----\n    at Test._assertStatus (node_modules/supertest/lib/test.js:267:14)\n    at /Users/andrew/Dev/url-shortner-ai-demo/node_modules/supertest/lib/test.js:323:13\n    at Test._assertFunction (node_modules/supertest/lib/test.js:300:13)\n    at Test.assert (node_modules/supertest/lib/test.js:179:23)\n    at Server.localAssert (node_modules/supertest/lib/test.js:135:14)\n    at Object.onceWrapper (node:events:628:28)\n    at Server.emit (node:events:514:28)\n    at emitCloseNT (node:net:2148:8)\n    at process.processTicksAndRejections (node:internal/process/task_queues:81:21)",
                        "diff": null
                      },
                      "uuid": "52b53f07-0bcf-4c5c-90a0-63e0d0ed9973",
                      "parentUUID": "688eda53-54ba-4d7e-bcb4-c45bc70e6d22",
                      "isHook": false,
                      "skipped": false
                    },
                    {
                      "title": "should handle partial Redis caching failures in bulk operations",
                      "fullTitle": "API Resilience Integration Tests Redis Failure Scenarios POST /api/shorten/bulk - Redis Failures in Bulk Operations should handle partial Redis caching failures in bulk operations",
                      "timedOut": false,
                      "duration": 1,
                      "state": "failed",
                      "speed": null,
                      "pass": false,
                      "fail": true,
                      "pending": false,
                      "context": null,
                      "code": "mockRedisService.getShortCode.resolves('bulk-code')\nmockDatabaseService.getClient().$transaction.resolves(mockDbResults)\n\n// Simulate intermittent caching failures\nlet cacheCallCount = 0\nmockRedisService.cacheUrl.callsFake(() => {\n  cacheCallCount++\n  if (cacheCallCount % 2 === 0) {\n    return Promise.reject(new Error('Cache write failed'))\n  }\n  return Promise.resolve()\n})\nconst response = await request(app)\n  .post('/api/shorten/bulk')\n  .send({ urls: validUrls })\n  .expect(201)\nexpect(response.body.success).to.be.true\nexpect(response.body.data).to.have.lengthOf(3)\n// Should have warnings but operation succeeds\nexpect(mockLogger.warn.called).to.be.true",
                      "err": {
                        "message": "Error: expected 201 \"Created\", got 503 \"Service Unavailable\"",
                        "estack": "Error: expected 201 \"Created\", got 503 \"Service Unavailable\"\n    at Context.<anonymous> (file:///Users/andrew/Dev/url-shortner-ai-demo/test/integration/api-resilience.test.js:271:12)\n    at process.processImmediate (node:internal/timers:476:21)\n----\n    at Test._assertStatus (node_modules/supertest/lib/test.js:267:14)\n    at /Users/andrew/Dev/url-shortner-ai-demo/node_modules/supertest/lib/test.js:323:13\n    at Test._assertFunction (node_modules/supertest/lib/test.js:300:13)\n    at Test.assert (node_modules/supertest/lib/test.js:179:23)\n    at Server.localAssert (node_modules/supertest/lib/test.js:135:14)\n    at Object.onceWrapper (node:events:628:28)\n    at Server.emit (node:events:514:28)\n    at emitCloseNT (node:net:2148:8)\n    at process.processTicksAndRejections (node:internal/process/task_queues:81:21)",
                        "diff": null
                      },
                      "uuid": "76ba6dbd-a911-4cfd-ac40-3fc0f443f3b7",
                      "parentUUID": "688eda53-54ba-4d7e-bcb4-c45bc70e6d22",
                      "isHook": false,
                      "skipped": false
                    }
                  ],
                  "suites": [],
                  "passes": [],
                  "failures": [
                    "52b53f07-0bcf-4c5c-90a0-63e0d0ed9973",
                    "76ba6dbd-a911-4cfd-ac40-3fc0f443f3b7"
                  ],
                  "pending": [],
                  "skipped": [],
                  "duration": 2,
                  "root": false,
                  "rootEmpty": false,
                  "_timeout": 2000
                }
              ],
              "passes": [],
              "failures": [],
              "pending": [],
              "skipped": [],
              "duration": 0,
              "root": false,
              "rootEmpty": false,
              "_timeout": 2000
            },
            {
              "uuid": "07fca73c-cd13-4da5-a23a-1e4b923faa78",
              "title": "Database Failure Scenarios",
              "fullFile": "/Users/andrew/Dev/url-shortner-ai-demo/test/integration/api-resilience.test.js",
              "file": "/test/integration/api-resilience.test.js",
              "beforeHooks": [],
              "afterHooks": [],
              "tests": [],
              "suites": [
                {
                  "uuid": "7d28492e-f7e2-4f4d-907b-2b7f2b6360b4",
                  "title": "Database Connection Failures",
                  "fullFile": "/Users/andrew/Dev/url-shortner-ai-demo/test/integration/api-resilience.test.js",
                  "file": "/test/integration/api-resilience.test.js",
                  "beforeHooks": [],
                  "afterHooks": [],
                  "tests": [
                    {
                      "title": "should handle database connection failure in POST /api/shorten",
                      "fullTitle": "API Resilience Integration Tests Database Failure Scenarios Database Connection Failures should handle database connection failure in POST /api/shorten",
                      "timedOut": false,
                      "duration": 1,
                      "state": "failed",
                      "speed": null,
                      "pass": false,
                      "fail": true,
                      "pending": false,
                      "context": null,
                      "code": "mockRedisService.getShortCode.resolves('abc123')\nmockDatabaseService.getClient().url.create.rejects(new Error('ECONNREFUSED'))\nconst response = await request(app)\n  .post('/api/shorten')\n  .send({ url: 'https://example.com/db-test' })\n  .expect(500)\nexpect(response.body.status_code).to.equal(500)\nexpect(response.body.error.code).to.equal('InternalServerError')\nexpect(response.body.error.message).to.include('Failed to create short URL')",
                      "err": {
[...]
                  "isHook": false,
                  "skipped": false
                },
                {
                  "title": "should handle edge cases gracefully",
                  "fullTitle": "URL Validators Unit Tests validateBulkUrls() should handle edge cases gracefully",
                  "timedOut": false,
                  "duration": 0,
                  "state": "passed",
                  "speed": "fast",
                  "pass": true,
                  "fail": false,
                  "pending": false,
                  "context": null,
                  "code": "expect(() => validateBulkUrls('not-an-array')).to.not.throw()\nexpect(() => validateBulkUrls(null)).to.not.throw()\nexpect(() => validateBulkUrls(undefined)).to.not.throw()",
                  "err": {},
                  "uuid": "129c71ca-7817-4486-879f-566437962a64",
                  "parentUUID": "f7dfdc80-e948-4085-8fe6-69dc9a419c5e",
                  "isHook": false,
                  "skipped": false
                },
                {
                  "title": "should provide detailed error information for invalid URLs",
                  "fullTitle": "URL Validators Unit Tests validateBulkUrls() should provide detailed error information for invalid URLs",
                  "timedOut": false,
                  "duration": 0,
                  "state": "passed",
                  "speed": "fast",
                  "pass": true,
                  "fail": false,
                  "pending": false,
                  "context": null,
                  "code": "const urls = [\n  'https://example.com',\n  'invalid-url',\n  'ftp://unsupported.com'\n]\nconst result = validateBulkUrls(urls)\n\nexpect(result.isValid).to.be.false\nexpect(result.failedUrls).to.have.length(2)\nexpect(result.details).to.be.an('array')",
                  "err": {},
                  "uuid": "e1c4e848-5423-4579-8118-17a9e331f77b",
                  "parentUUID": "f7dfdc80-e948-4085-8fe6-69dc9a419c5e",
                  "isHook": false,
                  "skipped": false
                },
                {
                  "title": "should handle URLs with special characters and encoding",
                  "fullTitle": "URL Validators Unit Tests validateBulkUrls() should handle URLs with special characters and encoding",
                  "timedOut": false,
                  "duration": 0,
                  "state": "passed",
                  "speed": "fast",
                  "pass": true,
                  "fail": false,
                  "pending": false,
                  "context": null,
                  "code": "const urls = [\n  'https://example.com/path?query=value&another=test',\n  'https://example.com/ünicode'\n]\nconst result = validateBulkUrls(urls)\n\nexpect(result.isValid).to.be.true",
                  "err": {},
                  "uuid": "5dab0583-da0d-4579-9274-963e995e8223",
                  "parentUUID": "f7dfdc80-e948-4085-8fe6-69dc9a419c5e",
                  "isHook": false,
                  "skipped": false
                },
                {
                  "title": "should handle performance testing with large arrays",
                  "fullTitle": "URL Validators Unit Tests validateBulkUrls() should handle performance testing with large arrays",
                  "timedOut": false,
                  "duration": 0,
                  "state": "passed",
                  "speed": "fast",
                  "pass": true,
                  "fail": false,
                  "pending": false,
                  "context": null,
                  "code": "const urls = new Array(100).fill('https://example.com')\n\nconst startTime = Date.now()\nconst result = validateBulkUrls(urls)\nconst endTime = Date.now()\nexpect(result.isValid).to.be.true\nexpect(endTime - startTime).to.be.lessThan(1000) // Should complete within 1 second",
                  "err": {},
                  "uuid": "900f2e42-a6c8-4844-b96b-797d90c9f7f5",
                  "parentUUID": "f7dfdc80-e948-4085-8fe6-69dc9a419c5e",
                  "isHook": false,
                  "skipped": false
                },
                {
                  "title": "should provide detailed error information for mixed URLs",
                  "fullTitle": "URL Validators Unit Tests validateBulkUrls() should provide detailed error information for mixed URLs",
                  "timedOut": false,
                  "duration": 0,
                  "state": "passed",
                  "speed": "fast",
                  "pass": true,
                  "fail": false,
                  "pending": false,
                  "context": null,
                  "code": "const urls = [\n  'https://example.com',\n  'invalid-url-1',\n  'http://valid.com',\n  'invalid-url-2'\n]\nconst result = validateBulkUrls(urls)\nexpect(result.isValid).to.be.false\nexpect(result.failedUrls).to.have.length(2)\nexpect(result.validCount).to.equal(2)\nexpect(result.totalCount).to.equal(4)",
                  "err": {},
                  "uuid": "505399b3-72b1-4360-b01a-124344cb69fd",
                  "parentUUID": "f7dfdc80-e948-4085-8fe6-69dc9a419c5e",
                  "isHook": false,
                  "skipped": false
                }
              ],
              "suites": [],
              "passes": [
                "43dde771-ec99-407b-a668-182f2d95f260",
                "69bda29a-6d3e-4f55-b4f5-306440418eec",
                "17934281-9059-4064-a292-4704e70d0437",
                "51e658ec-4d96-4ca0-9b61-4161b51df21b",
                "40bd48dd-ea3a-4945-857f-d2f96848cee7",
                "8fddc535-e06d-428d-a709-e9094dea5e15",
                "129c71ca-7817-4486-879f-566437962a64",
                "e1c4e848-5423-4579-8118-17a9e331f77b",
                "5dab0583-da0d-4579-9274-963e995e8223",
                "900f2e42-a6c8-4844-b96b-797d90c9f7f5",
                "505399b3-72b1-4360-b01a-124344cb69fd"
              ],
              "failures": [],
              "pending": [],
              "skipped": [],
              "duration": 0,
              "root": false,
              "rootEmpty": false,
              "_timeout": 2000
            },
            {
              "uuid": "8768f257-002f-4536-b4c6-85fab726ce53",
              "title": "validateShortCode()",
              "fullFile": "/Users/andrew/Dev/url-shortner-ai-demo/test/utils/validators.test.js",
              "file": "/test/utils/validators.test.js",
              "beforeHooks": [],
              "afterHooks": [],
              "tests": [
                {
                  "title": "should accept valid short codes",
                  "fullTitle": "URL Validators Unit Tests validateShortCode() should accept valid short codes",
                  "timedOut": false,
                  "duration": 1,
                  "state": "passed",
                  "speed": "fast",
                  "pass": true,
                  "fail": false,
                  "pending": false,
                  "context": null,
                  "code": "const validCodes = ['abc12', 'XYZ99', 'aBc12']\n\nvalidCodes.forEach(code => {\n  const result = validateShortCode(code)\n  expect(result.isValid).to.be.true\n  expect(result.error).to.be.undefined\n})",
                  "err": {},
                  "uuid": "02eb7867-2739-4798-b534-51eb14db9d12",
                  "parentUUID": "8768f257-002f-4536-b4c6-85fab726ce53",
                  "isHook": false,
                  "skipped": false
                },
                {
                  "title": "should reject invalid short codes",
                  "fullTitle": "URL Validators Unit Tests validateShortCode() should reject invalid short codes",
                  "timedOut": false,
                  "duration": 0,
                  "state": "failed",
                  "speed": null,
                  "pass": false,
                  "fail": true,
                  "pending": false,
                  "context": null,
                  "code": "const invalidCodes = [\n  '',           // empty\n  'a',          // too short \n  'abcdef',     // too long (default is 5 chars)\n  'abc!@',      // invalid characters\n  '12345'       // numbers only (depends on charset config)\n]\n\ninvalidCodes.forEach(code => {\n  const result = validateShortCode(code)\n  expect(result.isValid).to.be.false\n  expect(result.error).to.be.a('string')\n})",
                  "err": {
                    "message": "AssertionError: expected true to be false",
                    "estack": "AssertionError: expected true to be false\n    at file:///Users/andrew/Dev/url-shortner-ai-demo/test/utils/validators.test.js:300:37\n    at Array.forEach (<anonymous>)\n    at Context.<anonymous> (file:///Users/andrew/Dev/url-shortner-ai-demo/test/utils/validators.test.js:298:20)\n    at process.processImmediate (node:internal/timers:476:21)",
                    "diff": "- true\n+ false\n"
                  },
                  "uuid": "7e1a7a7a-caab-4f2b-8637-68d5a22abfdb",
                  "parentUUID": "8768f257-002f-4536-b4c6-85fab726ce53",
                  "isHook": false,
                  "skipped": false
                },
                {
                  "title": "should handle null and undefined input",
                  "fullTitle": "URL Validators Unit Tests validateShortCode() should handle null and undefined input",
                  "timedOut": false,
                  "duration": 0,
                  "state": "passed",
                  "speed": "fast",
                  "pass": true,
                  "fail": false,
                  "pending": false,
                  "context": null,
                  "code": "expect(validateShortCode(null).isValid).to.be.false\nexpect(validateShortCode(undefined).isValid).to.be.false\nexpect(validateShortCode().isValid).to.be.false",
                  "err": {},
                  "uuid": "691e83ba-3d73-4ab4-aa2b-c41559a190db",
                  "parentUUID": "8768f257-002f-4536-b4c6-85fab726ce53",
                  "isHook": false,
                  "skipped": false
                },
                {
                  "title": "should handle non-string input",
                  "fullTitle": "URL Validators Unit Tests validateShortCode() should handle non-string input",
                  "timedOut": false,
                  "duration": 0,
                  "state": "passed",
                  "speed": "fast",
                  "pass": true,
                  "fail": false,
                  "pending": false,
                  "context": null,
                  "code": "expect(validateShortCode(123).isValid).to.be.false\nexpect(validateShortCode({}).isValid).to.be.false\nexpect(validateShortCode([]).isValid).to.be.false",
                  "err": {},
                  "uuid": "255f610b-ad87-453a-bd96-642831ad1c21",
                  "parentUUID": "8768f257-002f-4536-b4c6-85fab726ce53",
                  "isHook": false,
                  "skipped": false
                },
                {
                  "title": "should validate short code length",
                  "fullTitle": "URL Validators Unit Tests validateShortCode() should validate short code length",
                  "timedOut": false,
                  "duration": 0,
                  "state": "passed",
                  "speed": "fast",
                  "pass": true,
                  "fail": false,
                  "pending": false,
                  "context": null,
                  "code": "const exactLength = 'abc12' // 5 characters (default expected length)\nconst result = validateShortCode(exactLength)\nexpect(result.isValid).to.be.true",
                  "err": {},
                  "uuid": "959584ec-d258-4e6e-aa2d-b34793c364d3",
                  "parentUUID": "8768f257-002f-4536-b4c6-85fab726ce53",
                  "isHook": false,
                  "skipped": false
                }
              ],
              "suites": [],
              "passes": [
                "02eb7867-2739-4798-b534-51eb14db9d12",
                "691e83ba-3d73-4ab4-aa2b-c41559a190db",
                "255f610b-ad87-453a-bd96-642831ad1c21",
                "959584ec-d258-4e6e-aa2d-b34793c364d3"
              ],
              "failures": [
                "7e1a7a7a-caab-4f2b-8637-68d5a22abfdb"
              ],
              "pending": [],
              "skipped": [],
              "duration": 1,
              "root": false,
              "rootEmpty": false,
              "_timeout": 2000
            },
            {
              "uuid": "262d6276-1432-474b-aa02-9eb0b57fd43f",
              "title": "validateRequestSize()",
              "fullFile": "/Users/andrew/Dev/url-shortner-ai-demo/test/utils/validators.test.js",
              "file": "/test/utils/validators.test.js",
              "beforeHooks": [],
              "afterHooks": [],
              "tests": [
                {
                  "title": "should validate request body size limits",
                  "fullTitle": "URL Validators Unit Tests validateRequestSize() should validate request body size limits",
                  "timedOut": false,
                  "duration": 0,
                  "state": "passed",
                  "speed": "fast",
                  "pass": true,
                  "fail": false,
                  "pending": false,
                  "context": null,
                  "code": "const requestBody = {\n  urls: new Array(50).fill('https://example.com')\n}\n\nconst result = validateRequestSize(requestBody)\nexpect(result.isValid).to.be.true",
                  "err": {},
                  "uuid": "a22f61c0-9517-4688-a89e-09cc0b89ae2b",
                  "parentUUID": "262d6276-1432-474b-aa02-9eb0b57fd43f",
                  "isHook": false,
                  "skipped": false
                },
                {
                  "title": "should reject request body exceeding URL count limit",
                  "fullTitle": "URL Validators Unit Tests validateRequestSize() should reject request body exceeding URL count limit",
                  "timedOut": false,
                  "duration": 0,
                  "state": "passed",
                  "speed": "fast",
                  "pass": true,
                  "fail": false,
                  "pending": false,
                  "context": null,
                  "code": "const requestBody = {\n  urls: new Array(1001).fill('https://example.com')\n}\n\nconst result = validateRequestSize(requestBody, { maxUrlCount: 1000 })\nexpect(result.isValid).to.be.false\nexpect(result.error).to.include('limited to 1000 URLs')",
                  "err": {},
                  "uuid": "e3808c59-83b5-4f97-b1c0-04e6648240e8",
                  "parentUUID": "262d6276-1432-474b-aa02-9eb0b57fd43f",
                  "isHook": false,
                  "skipped": false
                },
                {
                  "title": "should handle non-object request body",
                  "fullTitle": "URL Validators Unit Tests validateRequestSize() should handle non-object request body",
                  "timedOut": false,
                  "duration": 0,
                  "state": "passed",
                  "speed": "fast",
                  "pass": true,
                  "fail": false,
                  "pending": false,
                  "context": null,
                  "code": "const result = validateRequestSize('not-an-object')\nexpect(result.isValid).to.be.false\nexpect(result.error).to.include('must be a valid object')",
                  "err": {},
                  "uuid": "25ee96f1-4b1c-4a92-8345-a72d67e25ded",
                  "parentUUID": "262d6276-1432-474b-aa02-9eb0b57fd43f",
                  "isHook": false,
                  "skipped": false
                }
              ],
              "suites": [],
              "passes": [
                "a22f61c0-9517-4688-a89e-09cc0b89ae2b",
                "e3808c59-83b5-4f97-b1c0-04e6648240e8",
                "25ee96f1-4b1c-4a92-8345-a72d67e25ded"
              ],
              "failures": [],
              "pending": [],
              "skipped": [],
              "duration": 0,
              "root": false,
              "rootEmpty": false,
              "_timeout": 2000
            },
            {
              "uuid": "5f0ad426-2e58-46c7-bc98-238b20cc7117",
              "title": "createValidationErrorResponse()",
              "fullFile": "/Users/andrew/Dev/url-shortner-ai-demo/test/utils/validators.test.js",
              "file": "/test/utils/validators.test.js",
              "beforeHooks": [],
              "afterHooks": [],
              "tests": [
                {
                  "title": "should return null for valid results",
                  "fullTitle": "URL Validators Unit Tests createValidationErrorResponse() should return null for valid results",
                  "timedOut": false,
                  "duration": 0,
                  "state": "passed",
                  "speed": "fast",
                  "pass": true,
                  "fail": false,
                  "pending": false,
                  "context": null,
                  "code": "const validResult = { isValid: true }\nconst result = createValidationErrorResponse(validResult)\nexpect(result).to.be.null",
                  "err": {},
                  "uuid": "b3dc376b-6bdd-4db6-90f2-dfca79dda0cb",
                  "parentUUID": "5f0ad426-2e58-46c7-bc98-238b20cc7117",
                  "isHook": false,
                  "skipped": false
                },
                {
                  "title": "should format error response for invalid results",
                  "fullTitle": "URL Validators Unit Tests createValidationErrorResponse() should format error response for invalid results",
                  "timedOut": false,
                  "duration": 0,
                  "state": "passed",
                  "speed": "fast",
                  "pass": true,
                  "fail": false,
                  "pending": false,
                  "context": null,
                  "code": "const invalidResult = {\n  isValid: false,\n  error: 'Test error',\n  details: ['Detail 1', 'Detail 2']\n}\n\nconst result = createValidationErrorResponse(invalidResult, 'test context')\nexpect(result.error).to.equal('Test error')\nexpect(result.details).to.be.an('array')\nexpect(result.context).to.equal('test context')",
                  "err": {},
                  "uuid": "f4b63dc6-df5d-4c33-a64a-0fb236b37dce",
                  "parentUUID": "5f0ad426-2e58-46c7-bc98-238b20cc7117",
                  "isHook": false,
                  "skipped": false
                }
              ],
              "suites": [],
              "passes": [
                "b3dc376b-6bdd-4db6-90f2-dfca79dda0cb",
                "f4b63dc6-df5d-4c33-a64a-0fb236b37dce"
              ],
              "failures": [],
              "pending": [],
              "skipped": [],
              "duration": 0,
              "root": false,
              "rootEmpty": false,
              "_timeout": 2000
            }
          ],
          "passes": [],
          "failures": [],
          "pending": [],
          "skipped": [],
          "duration": 0,
          "root": false,
          "rootEmpty": false,
          "_timeout": 2000
        }
      ],
      "passes": [],
      "failures": [],
      "pending": [],
      "skipped": [],
      "duration": 0,
      "root": true,
      "rootEmpty": true,
      "_timeout": 2000
    }
  ],
  "meta": {
    "mocha": {
      "version": "10.8.2"
    },
    "mochawesome": {
      "options": {
        "quiet": false,
        "reportFilename": "mochawesome",
        "saveHtml": true,
        "saveJson": true,
        "consoleReporter": "spec",
        "useInlineDiffs": false,
        "code": true
      },
      "version": "7.1.3"
    },
    "marge": {
      "options": null,
      "version": "6.2.0"
    }
  }
}